# JRE version: Java(TM) SE Runtime Environment (8.0_241-b07) (build 1.8.0_241-b07)
# Java VM: Java HotSpot(TM) 64-Bit Server VM (25.241-b07 mixed mode windows-amd64 compressed oops)
Heap:
 PSYoungGen      total 56832K, used 17193K [0x0000000781400000, 0x0000000788300000, 0x00000007c0000000)
  eden space 49152K, 19% used [0x0000000781400000,0x0000000781d525b8,0x0000000784400000)
  from space 7680K, 99% used [0x0000000784b80000,0x00000007852f81b0,0x0000000785300000)
  to   space 7680K, 0% used [0x0000000784400000,0x0000000784400000,0x0000000784b80000)
 ParOldGen       total 130048K, used 279K [0x0000000703c00000, 0x000000070bb00000, 0x0000000781400000)
  object space 130048K, 0% used [0x0000000703c00000,0x0000000703c45d70,0x000000070bb00000)
 Metaspace       used 16797K, capacity 17392K, committed 17664K, reserved 1064960K
  class space    used 2023K, capacity 2178K, committed 2304K, reserved 1048576K
GC Heap History (4 events):
Event: 1.277 GC heap before
{Heap before GC invocations=1 (full 0):
 PSYoungGen      total 56832K, used 49152K [0x0000000781400000, 0x0000000785300000, 0x00000007c0000000)
  eden space 49152K, 100% used [0x0000000781400000,0x0000000784400000,0x0000000784400000)
  from space 7680K, 0% used [0x0000000784b80000,0x0000000784b80000,0x0000000785300000)
  to   space 7680K, 0% used [0x0000000784400000,0x0000000784400000,0x0000000784b80000)
 ParOldGen       total 130048K, used 0K [0x0000000703c00000, 0x000000070bb00000, 0x0000000781400000)
  object space 130048K, 0% used [0x0000000703c00000,0x0000000703c00000,0x000000070bb00000)
 Metaspace       used 11110K, capacity 11448K, committed 11648K, reserved 1058816K
  class space    used 1275K, capacity 1378K, committed 1408K, reserved 1048576K
Event: 1.283 GC heap after
Heap after GC invocations=1 (full 0):
 PSYoungGen      total 56832K, used 5892K [0x0000000781400000, 0x0000000785300000, 0x00000007c0000000)
  eden space 49152K, 0% used [0x0000000781400000,0x0000000781400000,0x0000000784400000)
  from space 7680K, 76% used [0x0000000784400000,0x00000007849c12b8,0x0000000784b80000)
  to   space 7680K, 0% used [0x0000000784b80000,0x0000000784b80000,0x0000000785300000)
 ParOldGen       total 130048K, used 16K [0x0000000703c00000, 0x000000070bb00000, 0x0000000781400000)
  object space 130048K, 0% used [0x0000000703c00000,0x0000000703c04000,0x000000070bb00000)
 Metaspace       used 11110K, capacity 11448K, committed 11648K, reserved 1058816K
  class space    used 1275K, capacity 1378K, committed 1408K, reserved 1048576K
}
Event: 1.560 GC heap before
{Heap before GC invocations=2 (full 0):
 PSYoungGen      total 56832K, used 55044K [0x0000000781400000, 0x0000000785300000, 0x00000007c0000000)
  eden space 49152K, 100% used [0x0000000781400000,0x0000000784400000,0x0000000784400000)
  from space 7680K, 76% used [0x0000000784400000,0x00000007849c12b8,0x0000000784b80000)
  to   space 7680K, 0% used [0x0000000784b80000,0x0000000784b80000,0x0000000785300000)
 ParOldGen       total 130048K, used 16K [0x0000000703c00000, 0x000000070bb00000, 0x0000000781400000)
  object space 130048K, 0% used [0x0000000703c00000,0x0000000703c04000,0x000000070bb00000)
 Metaspace       used 16004K, capacity 16544K, committed 16640K, reserved 1064960K
  class space    used 1907K, capacity 2046K, committed 2048K, reserved 1048576K
Event: 1.567 GC heap after
Heap after GC invocations=2 (full 0):
 PSYoungGen      total 56832K, used 7648K [0x0000000781400000, 0x0000000788300000, 0x00000007c0000000)
  eden space 49152K, 0% used [0x0000000781400000,0x0000000781400000,0x0000000784400000)
  from space 7680K, 99% used [0x0000000784b80000,0x00000007852f81b0,0x0000000785300000)
  to   space 7680K, 0% used [0x0000000784400000,0x0000000784400000,0x0000000784b80000)
 ParOldGen       total 130048K, used 279K [0x0000000703c00000, 0x000000070bb00000, 0x0000000781400000)
  object space 130048K, 0% used [0x0000000703c00000,0x0000000703c45d70,0x000000070bb00000)
 Metaspace       used 16004K, capacity 16544K, committed 16640K, reserved 1064960K
  class space    used 1907K, capacity 2046K, committed 2048K, reserved 1048576K
}

